<?xml version="1.0" encoding="UTF-8"?>
<!-- Generated by org.testng.reporters.JUnitXMLReporter -->
<testsuite hostname="shukal-K73TK" tests="10" failures="3" timestamp="17 Dec 2016 17:43:47 GMT" time="119.889" errors="0">
  <testcase name="doSearchNegative" time="10.954" classname="AdminActionsTest">
    <failure type="org.openqa.selenium.NoSuchElementException" message="Unable to locate element: #wp\-admin\-bar\-site\-name
For documentation on this error, please visit: http://seleniumhq.org/exceptions/no_such_element.html
Build info: version: &amp;apos;3.0.1&amp;apos;, revision: &amp;apos;1969d75&amp;apos;, time: &amp;apos;2016-10-18 09:49:13 -0700&amp;apos;
System info: host: &amp;apos;shukal-K73TK&amp;apos;, ip: &amp;apos;127.0.1.1&amp;apos;, os.name: &amp;apos;Linux&amp;apos;, os.arch: &amp;apos;amd64&amp;apos;, os.version: &amp;apos;4.2.0-42-generic&amp;apos;, java.version: &amp;apos;1.8.0_111&amp;apos;
Driver info: org.openqa.selenium.firefox.MarionetteDriver
Capabilities [{rotatable=false, raisesAccessibilityExceptions=false, marionette=true, appBuildId=20160606114238, version=, platform=LINUX, proxy={}, command_id=1, specificationLevel=0, acceptSslCerts=false, browserVersion=47.0, platformVersion=4.2.0-42-generic, XULappId={ec8030f7-c20a-464f-9b0e-13a3a9e97384}, browserName=Firefox, takesScreenshot=true, takesElementScreenshot=true, platformName=Linux, device=desktop}]
Session ID: 00fcfac3-6d5d-48f3-8e1c-c8d0956aa2a0
*** Element info: {Using=id, value=wp-admin-bar-site-name}">
      <![CDATA[org.openqa.selenium.NoSuchElementException: Unable to locate element: #wp\-admin\-bar\-site\-name
For documentation on this error, please visit: http://seleniumhq.org/exceptions/no_such_element.html
Build info: version: '3.0.1', revision: '1969d75', time: '2016-10-18 09:49:13 -0700'
System info: host: 'shukal-K73TK', ip: '127.0.1.1', os.name: 'Linux', os.arch: 'amd64', os.version: '4.2.0-42-generic', java.version: '1.8.0_111'
Driver info: org.openqa.selenium.firefox.MarionetteDriver
Capabilities [{rotatable=false, raisesAccessibilityExceptions=false, marionette=true, appBuildId=20160606114238, version=, platform=LINUX, proxy={}, command_id=1, specificationLevel=0, acceptSslCerts=false, browserVersion=47.0, platformVersion=4.2.0-42-generic, XULappId={ec8030f7-c20a-464f-9b0e-13a3a9e97384}, browserName=Firefox, takesScreenshot=true, takesElementScreenshot=true, platformName=Linux, device=desktop}]
Session ID: 00fcfac3-6d5d-48f3-8e1c-c8d0956aa2a0
*** Element info: {Using=id, value=wp-admin-bar-site-name}
	at org.openqa.selenium.remote.http.W3CHttpResponseCodec.createException(W3CHttpResponseCodec.java:127)
	at org.openqa.selenium.remote.http.W3CHttpResponseCodec.decode(W3CHttpResponseCodec.java:93)
	at org.openqa.selenium.remote.http.W3CHttpResponseCodec.decode(W3CHttpResponseCodec.java:42)
	at org.openqa.selenium.remote.HttpCommandExecutor.execute(HttpCommandExecutor.java:163)
	at org.openqa.selenium.remote.service.DriverCommandExecutor.execute(DriverCommandExecutor.java:82)
	at org.openqa.selenium.remote.RemoteWebDriver.execute(RemoteWebDriver.java:601)
	at org.openqa.selenium.remote.RemoteWebDriver.findElement(RemoteWebDriver.java:368)
	at org.openqa.selenium.remote.RemoteWebDriver.findElementById(RemoteWebDriver.java:417)
	at org.openqa.selenium.By$ById.findElement(By.java:218)
	at org.openqa.selenium.remote.RemoteWebDriver.findElement(RemoteWebDriver.java:360)
	at AdminActionsTest.doSearchNegative(AdminActionsTest.java:135)
	at org.apache.maven.surefire.testng.TestNGExecutor.run(TestNGExecutor.java:115)
	at org.apache.maven.surefire.testng.TestNGDirectoryTestSuite.executeMulti(TestNGDirectoryTestSuite.java:204)
	at org.apache.maven.surefire.testng.TestNGDirectoryTestSuite.execute(TestNGDirectoryTestSuite.java:107)
	at org.apache.maven.surefire.testng.TestNGProvider.invoke(TestNGProvider.java:112)
	at org.apache.maven.surefire.booter.ForkedBooter.invokeProviderInSameClassLoader(ForkedBooter.java:200)
	at org.apache.maven.surefire.booter.ForkedBooter.runSuitesInProcess(ForkedBooter.java:153)
	at org.apache.maven.surefire.booter.ForkedBooter.main(ForkedBooter.java:103)
... Removed 25 stack frames]]>
    </failure>
  </testcase> <!-- doSearchNegative -->
  <testcase name="doSearchPositive" time="3.433" classname="AdminActionsTest"/>
  <testcase name="writeCommentNegative" time="11.195" classname="AdminActionsTest">
    <failure type="org.openqa.selenium.NoSuchElementException" message="Unable to locate element: #wp\-admin\-bar\-site\-name
For documentation on this error, please visit: http://seleniumhq.org/exceptions/no_such_element.html
Build info: version: &amp;apos;3.0.1&amp;apos;, revision: &amp;apos;1969d75&amp;apos;, time: &amp;apos;2016-10-18 09:49:13 -0700&amp;apos;
System info: host: &amp;apos;shukal-K73TK&amp;apos;, ip: &amp;apos;127.0.1.1&amp;apos;, os.name: &amp;apos;Linux&amp;apos;, os.arch: &amp;apos;amd64&amp;apos;, os.version: &amp;apos;4.2.0-42-generic&amp;apos;, java.version: &amp;apos;1.8.0_111&amp;apos;
Driver info: org.openqa.selenium.firefox.MarionetteDriver
Capabilities [{rotatable=false, raisesAccessibilityExceptions=false, marionette=true, appBuildId=20160606114238, version=, platform=LINUX, proxy={}, command_id=1, specificationLevel=0, acceptSslCerts=false, browserVersion=47.0, platformVersion=4.2.0-42-generic, XULappId={ec8030f7-c20a-464f-9b0e-13a3a9e97384}, browserName=Firefox, takesScreenshot=true, takesElementScreenshot=true, platformName=Linux, device=desktop}]
Session ID: 24452005-9c84-4cee-9a1f-3c8cb9345e56
*** Element info: {Using=id, value=wp-admin-bar-site-name}">
      <![CDATA[org.openqa.selenium.NoSuchElementException: Unable to locate element: #wp\-admin\-bar\-site\-name
For documentation on this error, please visit: http://seleniumhq.org/exceptions/no_such_element.html
Build info: version: '3.0.1', revision: '1969d75', time: '2016-10-18 09:49:13 -0700'
System info: host: 'shukal-K73TK', ip: '127.0.1.1', os.name: 'Linux', os.arch: 'amd64', os.version: '4.2.0-42-generic', java.version: '1.8.0_111'
Driver info: org.openqa.selenium.firefox.MarionetteDriver
Capabilities [{rotatable=false, raisesAccessibilityExceptions=false, marionette=true, appBuildId=20160606114238, version=, platform=LINUX, proxy={}, command_id=1, specificationLevel=0, acceptSslCerts=false, browserVersion=47.0, platformVersion=4.2.0-42-generic, XULappId={ec8030f7-c20a-464f-9b0e-13a3a9e97384}, browserName=Firefox, takesScreenshot=true, takesElementScreenshot=true, platformName=Linux, device=desktop}]
Session ID: 24452005-9c84-4cee-9a1f-3c8cb9345e56
*** Element info: {Using=id, value=wp-admin-bar-site-name}
	at org.openqa.selenium.remote.http.W3CHttpResponseCodec.createException(W3CHttpResponseCodec.java:127)
	at org.openqa.selenium.remote.http.W3CHttpResponseCodec.decode(W3CHttpResponseCodec.java:93)
	at org.openqa.selenium.remote.http.W3CHttpResponseCodec.decode(W3CHttpResponseCodec.java:42)
	at org.openqa.selenium.remote.HttpCommandExecutor.execute(HttpCommandExecutor.java:163)
	at org.openqa.selenium.remote.service.DriverCommandExecutor.execute(DriverCommandExecutor.java:82)
	at org.openqa.selenium.remote.RemoteWebDriver.execute(RemoteWebDriver.java:601)
	at org.openqa.selenium.remote.RemoteWebDriver.findElement(RemoteWebDriver.java:368)
	at org.openqa.selenium.remote.RemoteWebDriver.findElementById(RemoteWebDriver.java:417)
	at org.openqa.selenium.By$ById.findElement(By.java:218)
	at org.openqa.selenium.remote.RemoteWebDriver.findElement(RemoteWebDriver.java:360)
	at AdminActionsTest.writeCommentNegative(AdminActionsTest.java:124)
	at org.apache.maven.surefire.testng.TestNGExecutor.run(TestNGExecutor.java:115)
	at org.apache.maven.surefire.testng.TestNGDirectoryTestSuite.executeMulti(TestNGDirectoryTestSuite.java:204)
	at org.apache.maven.surefire.testng.TestNGDirectoryTestSuite.execute(TestNGDirectoryTestSuite.java:107)
	at org.apache.maven.surefire.testng.TestNGProvider.invoke(TestNGProvider.java:112)
	at org.apache.maven.surefire.booter.ForkedBooter.invokeProviderInSameClassLoader(ForkedBooter.java:200)
	at org.apache.maven.surefire.booter.ForkedBooter.runSuitesInProcess(ForkedBooter.java:153)
	at org.apache.maven.surefire.booter.ForkedBooter.main(ForkedBooter.java:103)
... Removed 25 stack frames]]>
    </failure>
  </testcase> <!-- writeCommentNegative -->
  <testcase name="writeCommentPositive" time="4.218" classname="AdminActionsTest"/>
  <testcase name="writePostNegative" time="11.053" classname="AdminActionsTest">
    <failure type="org.openqa.selenium.NoSuchElementException" message="Unable to locate element: #menu\-pages
For documentation on this error, please visit: http://seleniumhq.org/exceptions/no_such_element.html
Build info: version: &amp;apos;3.0.1&amp;apos;, revision: &amp;apos;1969d75&amp;apos;, time: &amp;apos;2016-10-18 09:49:13 -0700&amp;apos;
System info: host: &amp;apos;shukal-K73TK&amp;apos;, ip: &amp;apos;127.0.1.1&amp;apos;, os.name: &amp;apos;Linux&amp;apos;, os.arch: &amp;apos;amd64&amp;apos;, os.version: &amp;apos;4.2.0-42-generic&amp;apos;, java.version: &amp;apos;1.8.0_111&amp;apos;
Driver info: org.openqa.selenium.firefox.MarionetteDriver
Capabilities [{rotatable=false, raisesAccessibilityExceptions=false, marionette=true, appBuildId=20160606114238, version=, platform=LINUX, proxy={}, command_id=1, specificationLevel=0, acceptSslCerts=false, browserVersion=47.0, platformVersion=4.2.0-42-generic, XULappId={ec8030f7-c20a-464f-9b0e-13a3a9e97384}, browserName=Firefox, takesScreenshot=true, takesElementScreenshot=true, platformName=Linux, device=desktop}]
Session ID: 7881ed82-0238-4cf5-ac3a-c6aa9d484155
*** Element info: {Using=id, value=menu-pages}">
      <![CDATA[org.openqa.selenium.NoSuchElementException: Unable to locate element: #menu\-pages
For documentation on this error, please visit: http://seleniumhq.org/exceptions/no_such_element.html
Build info: version: '3.0.1', revision: '1969d75', time: '2016-10-18 09:49:13 -0700'
System info: host: 'shukal-K73TK', ip: '127.0.1.1', os.name: 'Linux', os.arch: 'amd64', os.version: '4.2.0-42-generic', java.version: '1.8.0_111'
Driver info: org.openqa.selenium.firefox.MarionetteDriver
Capabilities [{rotatable=false, raisesAccessibilityExceptions=false, marionette=true, appBuildId=20160606114238, version=, platform=LINUX, proxy={}, command_id=1, specificationLevel=0, acceptSslCerts=false, browserVersion=47.0, platformVersion=4.2.0-42-generic, XULappId={ec8030f7-c20a-464f-9b0e-13a3a9e97384}, browserName=Firefox, takesScreenshot=true, takesElementScreenshot=true, platformName=Linux, device=desktop}]
Session ID: 7881ed82-0238-4cf5-ac3a-c6aa9d484155
*** Element info: {Using=id, value=menu-pages}
	at org.openqa.selenium.remote.http.W3CHttpResponseCodec.createException(W3CHttpResponseCodec.java:127)
	at org.openqa.selenium.remote.http.W3CHttpResponseCodec.decode(W3CHttpResponseCodec.java:93)
	at org.openqa.selenium.remote.http.W3CHttpResponseCodec.decode(W3CHttpResponseCodec.java:42)
	at org.openqa.selenium.remote.HttpCommandExecutor.execute(HttpCommandExecutor.java:163)
	at org.openqa.selenium.remote.service.DriverCommandExecutor.execute(DriverCommandExecutor.java:82)
	at org.openqa.selenium.remote.RemoteWebDriver.execute(RemoteWebDriver.java:601)
	at org.openqa.selenium.remote.RemoteWebDriver.findElement(RemoteWebDriver.java:368)
	at org.openqa.selenium.remote.RemoteWebDriver.findElementById(RemoteWebDriver.java:417)
	at org.openqa.selenium.By$ById.findElement(By.java:218)
	at org.openqa.selenium.remote.RemoteWebDriver.findElement(RemoteWebDriver.java:360)
	at AdminActionsTest.writePostNegative(AdminActionsTest.java:112)
	at org.apache.maven.surefire.testng.TestNGExecutor.run(TestNGExecutor.java:115)
	at org.apache.maven.surefire.testng.TestNGDirectoryTestSuite.executeMulti(TestNGDirectoryTestSuite.java:204)
	at org.apache.maven.surefire.testng.TestNGDirectoryTestSuite.execute(TestNGDirectoryTestSuite.java:107)
	at org.apache.maven.surefire.testng.TestNGProvider.invoke(TestNGProvider.java:112)
	at org.apache.maven.surefire.booter.ForkedBooter.invokeProviderInSameClassLoader(ForkedBooter.java:200)
	at org.apache.maven.surefire.booter.ForkedBooter.runSuitesInProcess(ForkedBooter.java:153)
	at org.apache.maven.surefire.booter.ForkedBooter.main(ForkedBooter.java:103)
... Removed 25 stack frames]]>
    </failure>
  </testcase> <!-- writePostNegative -->
  <testcase name="writePostPositive" time="5.779" classname="AdminActionsTest"/>
  <testcase name="doSearch" time="1.458" classname="GuestActionsTest"/>
  <testcase name="writeComment" time="1.024" classname="GuestActionsTest"/>
  <testcase name="tryToLoginNegative" time="0.908" classname="LoginTest"/>
  <testcase name="tryToLoginPositive" time="0.983" classname="LoginTest"/>
</testsuite>
